[03/25/15 12:57:39 <module> ./bild.py:14 bilder.py:124] platform=darwin
[03/25/15 12:57:39 <module> ./bild.py:14 bilder.py:125] jdk={'1.6': '/System/Library/Java/JavaVirtualMachines/1.6.0.jdk/Contents/Home', '1.7': '/Library/Java/JavaVirtualMachines/jdk1.7.0_67.jdk/Contents/Home', '1.8': '/Library/Java/JavaVirtualMachines/jdk1.8.0_20.jdk/Contents/Home'}
[03/25/15 12:57:39] require compile
[03/25/15 12:57:39 require ./bild.py:21 bilder.py:422] require compile
[03/25/15 12:57:39] build test
[03/25/15 12:57:39 require ./bild.py:21 bilder.py:430] build test
[03/25/15 12:57:39 java ./bild.py:22 bilder.py:485] java -cp out -server cs601.blkqueue.TestSynchronizedBlockingQueue
[03/25/15 12:57:44 java ./bild.py:22 bilder.py:485] 4570.286ms 1,750,437.625 events / second
Producer: (3576 blocked + 198 waiting + 0 sleeping) / 7178 samples = 52.58% wasted
Consumer: (3074 blocked + 543 waiting + 0 sleeping) / 7172 samples = 50.43% wasted
Producer:
2       java.lang.Integer.valueOf()
812     java.lang.Object.wait()
2671    java.lang.Object.notifyAll()
3435    cs601.blkqueue.SynchronizedBlockingQueue.put()
258     cs601.blkqueue.Producer.run()

Consumer:
10      java.lang.System.arraycopy()
1       java.util.ArrayList.remove()
2036    java.lang.Object.wait()
329     cs601.blkqueue.Consumer.run()
3090    java.lang.Object.notifyAll()
1706    cs601.blkqueue.SynchronizedBlockingQueue.take()
[03/25/15 12:57:44 java ./bild.py:23 bilder.py:485] java -cp out -server cs601.blkqueue.TestBlockingQueue
[03/25/15 12:57:50 java ./bild.py:23 bilder.py:485] 6170.143ms 3,241,416 events / second
Producer: (0 blocked + 1186 waiting + 0 sleeping) / 9017 samples = 13.15% wasted
Consumer: (0 blocked + 782 waiting + 0 sleeping) / 9015 samples = 8.67% wasted
Producer:
1       java.util.concurrent.locks.AbstractQueuedSynchronizer$ConditionObject.addConditionWaiter()
2       java.util.concurrent.locks.AbstractQueuedSynchronizer.enq()
1       java.util.concurrent.locks.AbstractQueuedSynchronizer.acquireInterruptibly()
7       java.lang.Integer.valueOf()
3181    sun.misc.Unsafe.park()
7       java.util.concurrent.ArrayBlockingQueue.insert()
20      java.util.concurrent.locks.AbstractQueuedSynchronizer.fullyRelease()
2       java.util.concurrent.locks.ReentrantLock.lockInterruptibly()
52      java.util.concurrent.locks.AbstractQueuedSynchronizer$ConditionObject.await()
2194    cs601.blkqueue.Producer.run()
1       java.util.concurrent.locks.AbstractQueuedSynchronizer$ConditionObject.doSignal()
5       sun.misc.Unsafe.compareAndSwapInt()
1       java.util.concurrent.locks.AbstractQueuedSynchronizer.isOnSyncQueue()
2       java.util.concurrent.locks.AbstractQueuedSynchronizer.findNodeFromTail()
3       sun.misc.Unsafe.putObject()
2       sun.misc.Unsafe.compareAndSwapObject()
2       cs601.blkqueue.IntegerSequence.next()
1       cs601.blkqueue.IntegerSequence.hasNext()
1       java.lang.Integer.<init>()
3       java.util.concurrent.locks.AbstractQueuedSynchronizer.acquireQueued()
6       java.util.concurrent.ArrayBlockingQueue.put()
9       java.util.concurrent.locks.AbstractQueuedSynchronizer.transferForSignal()
6       java.util.concurrent.locks.AbstractQueuedSynchronizer.doAcquireInterruptibly()
45      java.lang.Thread.currentThread()
3463    sun.misc.Unsafe.unpark()

Consumer:
10      java.util.concurrent.locks.AbstractQueuedSynchronizer.enq()
1       java.util.concurrent.locks.AbstractQueuedSynchronizer.acquireInterruptibly()
1       java.util.concurrent.locks.AbstractQueuedSynchronizer$Node.<init>()
1       java.lang.Integer.intValue()
1       java.util.concurrent.locks.ReentrantLock.lockInterruptibly()
3       java.util.concurrent.locks.AbstractQueuedSynchronizer$ConditionObject.doSignal()
1889    cs601.blkqueue.MessageQueueAdaptor.take()
1       sun.misc.Unsafe.compareAndSwapObject()
2       java.util.concurrent.locks.AbstractQueuedSynchronizer.findNodeFromTail()
15      cs601.blkqueue.IntegerSequence.validSequenceMove()
5       java.util.concurrent.locks.AbstractQueuedSynchronizer.doAcquireInterruptibly()
4699    sun.misc.Unsafe.unpark()
3       java.util.concurrent.ArrayBlockingQueue.take()
2032    sun.misc.Unsafe.park()
203     cs601.blkqueue.Consumer.run()
5       java.util.concurrent.locks.AbstractQueuedSynchronizer.fullyRelease()
45      java.util.concurrent.locks.AbstractQueuedSynchronizer$ConditionObject.await()
1       java.util.concurrent.locks.AbstractQueuedSynchronizer.shouldParkAfterFailedAcquire()
9       sun.misc.Unsafe.compareAndSwapInt()
11      sun.misc.Unsafe.putObject()
2       java.util.concurrent.locks.AbstractQueuedSynchronizer.isOnSyncQueue()
14      java.util.concurrent.ArrayBlockingQueue.extract()
4       java.util.concurrent.locks.AbstractQueuedSynchronizer.acquireQueued()
1       java.util.concurrent.locks.AbstractQueuedSynchronizer.addWaiter()
18      java.util.concurrent.locks.AbstractQueuedSynchronizer.transferForSignal()
38      java.lang.Thread.currentThread()
1       java.util.concurrent.ArrayBlockingQueue.inc()
[03/25/15 12:57:50 java ./bild.py:24 bilder.py:485] java -cp out -server cs601.blkqueue.TestRingBuffer
[03/25/15 12:58:02 java ./bild.py:24 bilder.py:485] 12105.178ms 8,260,928 events / second
Producer: (0 blocked + 0 waiting + 4103 sleeping) / 18368 samples = 22.34% wasted
Consumer: (0 blocked + 0 waiting + 382 sleeping) / 18368 samples = 2.08% wasted
Producer:
5       cs601.blkqueue.IntegerSequence.next()
13      java.lang.Integer.valueOf()
3840    sun.misc.Unsafe.park()
1       java.lang.Integer.<init>()
14      cs601.blkqueue.RingBuffer.put()
64      java.util.concurrent.locks.LockSupport.parkNanos()
4       sun.misc.Unsafe.compareAndSwapLong()
14425   cs601.blkqueue.Producer.run()
2       java.util.concurrent.atomic.AtomicLong.intValue()

Consumer:
6       cs601.blkqueue.IntegerSequence.validSequenceMove()
557     sun.misc.Unsafe.park()
17792   cs601.blkqueue.Consumer.run()
8       sun.misc.Unsafe.compareAndSwapLong()
5       cs601.blkqueue.RingBuffer.take()
[03/25/15 12:58:02 java ./bild.py:25 bilder.py:485] java -cp out -server cs601.blkqueue.TestFastSynchronizedBlockingQueue
[03/25/15 12:58:17 java ./bild.py:25 bilder.py:485] 14606.005ms 2,738,599.75 events / second
Producer: (12698 blocked + 2451 waiting + 0 sleeping) / 23417 samples = 64.69% wasted
Consumer: (7739 blocked + 1209 waiting + 0 sleeping) / 23438 samples = 38.18% wasted
Producer:
8733    cs601.blkqueue.FastSynchronizedBlockingQueue.put()
6       java.lang.Integer.valueOf()
10190   java.lang.Object.wait()
1       java.util.ArrayList.ensureCapacityInternal()
820     java.lang.Object.notifyAll()
3667    cs601.blkqueue.Producer.run()

Consumer:
14      java.lang.System.arraycopy()
1       java.util.ArrayList.remove()
1       cs601.blkqueue.IntegerSequence.validSequenceMove()
7974    cs601.blkqueue.FastSynchronizedBlockingQueue.take()
4055    java.lang.Object.wait()
9998    cs601.blkqueue.Consumer.run()
1395    java.lang.Object.notifyAll()
